<?xml version="1.0" encoding="UTF-8"?>
<!-- Generated by org.testng.reporters.JUnitReportReporter -->
<testsuite hostname="DESKTOP-BPNQMHV" failures="0" tests="1" name="in.swiggy.tests.TestRunner" time="26.982" errors="0" timestamp="2021-12-01T18:30:02 IST" skipped="0">
  <testcase classname="in.swiggy.tests.TestRunner" name="runScenario" time="26.982"/>
  <system-out/>
</testsuite> <!-- in.swiggy.tests.TestRunner -->
