<?xml version="1.0" encoding="UTF-8"?>
<testsuite xmlns:xsi="http://www.w3.org/2001/XMLSchema-instance" xsi:noNamespaceSchemaLocation="https://maven.apache.org/surefire/maven-surefire-plugin/xsd/surefire-test-report.xsd" name="in.swiggy.tests.TestRunner" time="28.618" tests="1" errors="0" skipped="0" failures="0">
  <properties>
    <property name="sun.desktop" value="windows"/>
    <property name="awt.toolkit" value="sun.awt.windows.WToolkit"/>
    <property name="java.specification.version" value="11"/>
    <property name="sun.cpu.isalist" value="amd64"/>
    <property name="sun.jnu.encoding" value="Cp1252"/>
    <property name="java.class.path" value="C:\Users\ykotla\OneDrive - Cisco\Documents\SwiggyProject\swiggyproj\target\test-classes;C:\Users\ykotla\OneDrive - Cisco\Documents\SwiggyProject\swiggyproj\target\classes;C:\Users\ykotla\.m2\repository\io\cucumber\cucumber-core\7.0.0\cucumber-core-7.0.0.jar;C:\Users\ykotla\.m2\repository\io\cucumber\cucumber-gherkin\7.0.0\cucumber-gherkin-7.0.0.jar;C:\Users\ykotla\.m2\repository\io\cucumber\cucumber-gherkin-messages\7.0.0\cucumber-gherkin-messages-7.0.0.jar;C:\Users\ykotla\.m2\repository\io\cucumber\messages\17.1.1\messages-17.1.1.jar;C:\Users\ykotla\.m2\repository\io\cucumber\tag-expressions\4.0.2\tag-expressions-4.0.2.jar;C:\Users\ykotla\.m2\repository\io\cucumber\cucumber-expressions\13.0.1\cucumber-expressions-13.0.1.jar;C:\Users\ykotla\.m2\repository\io\cucumber\datatable\7.0.0\datatable-7.0.0.jar;C:\Users\ykotla\.m2\repository\io\cucumber\cucumber-plugin\7.0.0\cucumber-plugin-7.0.0.jar;C:\Users\ykotla\.m2\repository\io\cucumber\docstring\7.0.0\docstring-7.0.0.jar;C:\Users\ykotla\.m2\repository\io\cucumber\html-formatter\17.0.0\html-formatter-17.0.0.jar;C:\Users\ykotla\.m2\repository\io\cucumber\create-meta\6.0.1\create-meta-6.0.1.jar;C:\Users\ykotla\.m2\repository\org\apiguardian\apiguardian-api\1.1.2\apiguardian-api-1.1.2.jar;C:\Users\ykotla\.m2\repository\io\cucumber\cucumber-java\7.0.0\cucumber-java-7.0.0.jar;C:\Users\ykotla\.m2\repository\io\cucumber\gherkin\14.0.1\gherkin-14.0.1.jar;C:\Users\ykotla\.m2\repository\io\cucumber\cucumber-testng\7.0.0\cucumber-testng-7.0.0.jar;C:\Users\ykotla\.m2\repository\io\cucumber\cucumber-jvm-deps\1.0.6\cucumber-jvm-deps-1.0.6.jar;C:\Users\ykotla\.m2\repository\net\masterthought\cucumber-reporting\5.6.1\cucumber-reporting-5.6.1.jar;C:\Users\ykotla\.m2\repository\com\fasterxml\jackson\core\jackson-databind\2.12.1\jackson-databind-2.12.1.jar;C:\Users\ykotla\.m2\repository\com\fasterxml\jackson\core\jackson-annotations\2.12.1\jackson-annotations-2.12.1.jar;C:\Users\ykotla\.m2\repository\com\fasterxml\jackson\core\jackson-core\2.12.1\jackson-core-2.12.1.jar;C:\Users\ykotla\.m2\repository\com\fasterxml\jackson\datatype\jackson-datatype-jsr310\2.12.1\jackson-datatype-jsr310-2.12.1.jar;C:\Users\ykotla\.m2\repository\org\apache\velocity\velocity-engine-core\2.3\velocity-engine-core-2.3.jar;C:\Users\ykotla\.m2\repository\org\slf4j\slf4j-api\1.7.30\slf4j-api-1.7.30.jar;C:\Users\ykotla\.m2\repository\commons-collections\commons-collections\3.2.2\commons-collections-3.2.2.jar;C:\Users\ykotla\.m2\repository\joda-time\joda-time\2.10.10\joda-time-2.10.10.jar;C:\Users\ykotla\.m2\repository\org\apache\commons\commons-lang3\3.12.0\commons-lang3-3.12.0.jar;C:\Users\ykotla\.m2\repository\commons-io\commons-io\2.7\commons-io-2.7.jar;C:\Users\ykotla\.m2\repository\org\codehaus\plexus\plexus-utils\3.3.0\plexus-utils-3.3.0.jar;C:\Users\ykotla\.m2\repository\org\jsoup\jsoup\1.14.2\jsoup-1.14.2.jar;C:\Users\ykotla\.m2\repository\com\google\guava\guava\30.1.1-jre\guava-30.1.1-jre.jar;C:\Users\ykotla\.m2\repository\com\google\guava\failureaccess\1.0.1\failureaccess-1.0.1.jar;C:\Users\ykotla\.m2\repository\com\google\guava\listenablefuture\9999.0-empty-to-avoid-conflict-with-guava\listenablefuture-9999.0-empty-to-avoid-conflict-with-guava.jar;C:\Users\ykotla\.m2\repository\com\google\code\findbugs\jsr305\3.0.2\jsr305-3.0.2.jar;C:\Users\ykotla\.m2\repository\org\checkerframework\checker-qual\3.8.0\checker-qual-3.8.0.jar;C:\Users\ykotla\.m2\repository\com\google\errorprone\error_prone_annotations\2.5.1\error_prone_annotations-2.5.1.jar;C:\Users\ykotla\.m2\repository\com\google\j2objc\j2objc-annotations\1.3\j2objc-annotations-1.3.jar;C:\Users\ykotla\.m2\repository\com\googlecode\owasp-java-html-sanitizer\owasp-java-html-sanitizer\20211018.2\owasp-java-html-sanitizer-20211018.2.jar;C:\Users\ykotla\.m2\repository\commons-configuration\commons-configuration\1.10\commons-configuration-1.10.jar;C:\Users\ykotla\.m2\repository\commons-lang\commons-lang\2.6\commons-lang-2.6.jar;C:\Users\ykotla\.m2\repository\commons-logging\commons-logging\1.1.1\commons-logging-1.1.1.jar;C:\Users\ykotla\.m2\repository\org\testng\testng\7.4.0\testng-7.4.0.jar;C:\Users\ykotla\.m2\repository\org\webjars\jquery\3.5.1\jquery-3.5.1.jar;C:\Users\ykotla\.m2\repository\com\beust\jcommander\1.81\jcommander-1.81.jar;C:\Users\ykotla\.m2\repository\io\cucumber\cucumber-html\0.2.7\cucumber-html-0.2.7.jar;C:\Users\ykotla\.m2\repository\org\seleniumhq\selenium\selenium-java\3.141.59\selenium-java-3.141.59.jar;C:\Users\ykotla\.m2\repository\org\seleniumhq\selenium\selenium-api\3.141.59\selenium-api-3.141.59.jar;C:\Users\ykotla\.m2\repository\org\seleniumhq\selenium\selenium-chrome-driver\3.141.59\selenium-chrome-driver-3.141.59.jar;C:\Users\ykotla\.m2\repository\org\seleniumhq\selenium\selenium-edge-driver\3.141.59\selenium-edge-driver-3.141.59.jar;C:\Users\ykotla\.m2\repository\org\seleniumhq\selenium\selenium-firefox-driver\3.141.59\selenium-firefox-driver-3.141.59.jar;C:\Users\ykotla\.m2\repository\org\seleniumhq\selenium\selenium-ie-driver\3.141.59\selenium-ie-driver-3.141.59.jar;C:\Users\ykotla\.m2\repository\org\seleniumhq\selenium\selenium-opera-driver\3.141.59\selenium-opera-driver-3.141.59.jar;C:\Users\ykotla\.m2\repository\org\seleniumhq\selenium\selenium-remote-driver\3.141.59\selenium-remote-driver-3.141.59.jar;C:\Users\ykotla\.m2\repository\org\seleniumhq\selenium\selenium-safari-driver\3.141.59\selenium-safari-driver-3.141.59.jar;C:\Users\ykotla\.m2\repository\org\seleniumhq\selenium\selenium-support\3.141.59\selenium-support-3.141.59.jar;C:\Users\ykotla\.m2\repository\net\bytebuddy\byte-buddy\1.8.15\byte-buddy-1.8.15.jar;C:\Users\ykotla\.m2\repository\org\apache\commons\commons-exec\1.3\commons-exec-1.3.jar;C:\Users\ykotla\.m2\repository\com\squareup\okhttp3\okhttp\3.11.0\okhttp-3.11.0.jar;C:\Users\ykotla\.m2\repository\com\squareup\okio\okio\1.14.0\okio-1.14.0.jar;C:\Users\ykotla\.m2\repository\javax\activation\activation\1.1\activation-1.1.jar;C:\Users\ykotla\.m2\repository\org\apache\logging\log4j\log4j-api\2.11.1\log4j-api-2.11.1.jar;C:\Users\ykotla\.m2\repository\org\apache\logging\log4j\log4j-core\2.11.1\log4j-core-2.11.1.jar;C:\Users\ykotla\.m2\repository\org\apache\logging\log4j\log4j-1.2-api\2.11.1\log4j-1.2-api-2.11.1.jar;C:\Users\ykotla\.m2\repository\com\aventstack\extentreports\3.1.5\extentreports-3.1.5.jar;C:\Users\ykotla\.m2\repository\org\freemarker\freemarker\2.3.23\freemarker-2.3.23.jar;C:\Users\ykotla\.m2\repository\org\mongodb\mongodb-driver\3.3.0\mongodb-driver-3.3.0.jar;C:\Users\ykotla\.m2\repository\org\mongodb\bson\3.3.0\bson-3.3.0.jar;C:\Users\ykotla\.m2\repository\org\mongodb\mongodb-driver-core\3.3.0\mongodb-driver-core-3.3.0.jar;C:\Users\ykotla\.m2\repository\org\apache\httpcomponents\httpclient\4.5.2\httpclient-4.5.2.jar;C:\Users\ykotla\.m2\repository\org\apache\httpcomponents\httpcore\4.4.4\httpcore-4.4.4.jar;C:\Users\ykotla\.m2\repository\commons-codec\commons-codec\1.9\commons-codec-1.9.jar;C:\Users\ykotla\.m2\repository\org\apache\httpcomponents\httpmime\4.5.2\httpmime-4.5.2.jar;C:\Users\ykotla\.m2\repository\com\google\code\gson\gson\2.8.0\gson-2.8.0.jar;"/>
    <property name="java.vm.vendor" value="Oracle Corporation"/>
    <property name="sun.arch.data.model" value="64"/>
    <property name="user.variant" value=""/>
    <property name="java.vendor.url" value="https://openjdk.java.net/"/>
    <property name="user.timezone" value="Asia/Calcutta"/>
    <property name="java.vm.specification.version" value="11"/>
    <property name="os.name" value="Windows 10"/>
    <property name="sun.java.launcher" value="SUN_STANDARD"/>
    <property name="user.country" value="IN"/>
    <property name="sun.boot.library.path" value="C:\Program Files\Java\jdk-11.0.12\bin"/>
    <property name="sun.java.command" value="C:\Users\ykotla\AppData\Local\Temp\surefire7283702348182490932\surefirebooter163975743484775891.jar C:\Users\ykotla\AppData\Local\Temp\surefire7283702348182490932 2021-11-26T13-10-28_836-jvmRun1 surefire10989807119577967170tmp surefire_015266207400886474645tmp"/>
    <property name="jdk.debug" value="release"/>
    <property name="surefire.test.class.path" value="C:\Users\ykotla\OneDrive - Cisco\Documents\SwiggyProject\swiggyproj\target\test-classes;C:\Users\ykotla\OneDrive - Cisco\Documents\SwiggyProject\swiggyproj\target\classes;C:\Users\ykotla\.m2\repository\io\cucumber\cucumber-core\7.0.0\cucumber-core-7.0.0.jar;C:\Users\ykotla\.m2\repository\io\cucumber\cucumber-gherkin\7.0.0\cucumber-gherkin-7.0.0.jar;C:\Users\ykotla\.m2\repository\io\cucumber\cucumber-gherkin-messages\7.0.0\cucumber-gherkin-messages-7.0.0.jar;C:\Users\ykotla\.m2\repository\io\cucumber\messages\17.1.1\messages-17.1.1.jar;C:\Users\ykotla\.m2\repository\io\cucumber\tag-expressions\4.0.2\tag-expressions-4.0.2.jar;C:\Users\ykotla\.m2\repository\io\cucumber\cucumber-expressions\13.0.1\cucumber-expressions-13.0.1.jar;C:\Users\ykotla\.m2\repository\io\cucumber\datatable\7.0.0\datatable-7.0.0.jar;C:\Users\ykotla\.m2\repository\io\cucumber\cucumber-plugin\7.0.0\cucumber-plugin-7.0.0.jar;C:\Users\ykotla\.m2\repository\io\cucumber\docstring\7.0.0\docstring-7.0.0.jar;C:\Users\ykotla\.m2\repository\io\cucumber\html-formatter\17.0.0\html-formatter-17.0.0.jar;C:\Users\ykotla\.m2\repository\io\cucumber\create-meta\6.0.1\create-meta-6.0.1.jar;C:\Users\ykotla\.m2\repository\org\apiguardian\apiguardian-api\1.1.2\apiguardian-api-1.1.2.jar;C:\Users\ykotla\.m2\repository\io\cucumber\cucumber-java\7.0.0\cucumber-java-7.0.0.jar;C:\Users\ykotla\.m2\repository\io\cucumber\gherkin\14.0.1\gherkin-14.0.1.jar;C:\Users\ykotla\.m2\repository\io\cucumber\cucumber-testng\7.0.0\cucumber-testng-7.0.0.jar;C:\Users\ykotla\.m2\repository\io\cucumber\cucumber-jvm-deps\1.0.6\cucumber-jvm-deps-1.0.6.jar;C:\Users\ykotla\.m2\repository\net\masterthought\cucumber-reporting\5.6.1\cucumber-reporting-5.6.1.jar;C:\Users\ykotla\.m2\repository\com\fasterxml\jackson\core\jackson-databind\2.12.1\jackson-databind-2.12.1.jar;C:\Users\ykotla\.m2\repository\com\fasterxml\jackson\core\jackson-annotations\2.12.1\jackson-annotations-2.12.1.jar;C:\Users\ykotla\.m2\repository\com\fasterxml\jackson\core\jackson-core\2.12.1\jackson-core-2.12.1.jar;C:\Users\ykotla\.m2\repository\com\fasterxml\jackson\datatype\jackson-datatype-jsr310\2.12.1\jackson-datatype-jsr310-2.12.1.jar;C:\Users\ykotla\.m2\repository\org\apache\velocity\velocity-engine-core\2.3\velocity-engine-core-2.3.jar;C:\Users\ykotla\.m2\repository\org\slf4j\slf4j-api\1.7.30\slf4j-api-1.7.30.jar;C:\Users\ykotla\.m2\repository\commons-collections\commons-collections\3.2.2\commons-collections-3.2.2.jar;C:\Users\ykotla\.m2\repository\joda-time\joda-time\2.10.10\joda-time-2.10.10.jar;C:\Users\ykotla\.m2\repository\org\apache\commons\commons-lang3\3.12.0\commons-lang3-3.12.0.jar;C:\Users\ykotla\.m2\repository\commons-io\commons-io\2.7\commons-io-2.7.jar;C:\Users\ykotla\.m2\repository\org\codehaus\plexus\plexus-utils\3.3.0\plexus-utils-3.3.0.jar;C:\Users\ykotla\.m2\repository\org\jsoup\jsoup\1.14.2\jsoup-1.14.2.jar;C:\Users\ykotla\.m2\repository\com\google\guava\guava\30.1.1-jre\guava-30.1.1-jre.jar;C:\Users\ykotla\.m2\repository\com\google\guava\failureaccess\1.0.1\failureaccess-1.0.1.jar;C:\Users\ykotla\.m2\repository\com\google\guava\listenablefuture\9999.0-empty-to-avoid-conflict-with-guava\listenablefuture-9999.0-empty-to-avoid-conflict-with-guava.jar;C:\Users\ykotla\.m2\repository\com\google\code\findbugs\jsr305\3.0.2\jsr305-3.0.2.jar;C:\Users\ykotla\.m2\repository\org\checkerframework\checker-qual\3.8.0\checker-qual-3.8.0.jar;C:\Users\ykotla\.m2\repository\com\google\errorprone\error_prone_annotations\2.5.1\error_prone_annotations-2.5.1.jar;C:\Users\ykotla\.m2\repository\com\google\j2objc\j2objc-annotations\1.3\j2objc-annotations-1.3.jar;C:\Users\ykotla\.m2\repository\com\googlecode\owasp-java-html-sanitizer\owasp-java-html-sanitizer\20211018.2\owasp-java-html-sanitizer-20211018.2.jar;C:\Users\ykotla\.m2\repository\commons-configuration\commons-configuration\1.10\commons-configuration-1.10.jar;C:\Users\ykotla\.m2\repository\commons-lang\commons-lang\2.6\commons-lang-2.6.jar;C:\Users\ykotla\.m2\repository\commons-logging\commons-logging\1.1.1\commons-logging-1.1.1.jar;C:\Users\ykotla\.m2\repository\org\testng\testng\7.4.0\testng-7.4.0.jar;C:\Users\ykotla\.m2\repository\org\webjars\jquery\3.5.1\jquery-3.5.1.jar;C:\Users\ykotla\.m2\repository\com\beust\jcommander\1.81\jcommander-1.81.jar;C:\Users\ykotla\.m2\repository\io\cucumber\cucumber-html\0.2.7\cucumber-html-0.2.7.jar;C:\Users\ykotla\.m2\repository\org\seleniumhq\selenium\selenium-java\3.141.59\selenium-java-3.141.59.jar;C:\Users\ykotla\.m2\repository\org\seleniumhq\selenium\selenium-api\3.141.59\selenium-api-3.141.59.jar;C:\Users\ykotla\.m2\repository\org\seleniumhq\selenium\selenium-chrome-driver\3.141.59\selenium-chrome-driver-3.141.59.jar;C:\Users\ykotla\.m2\repository\org\seleniumhq\selenium\selenium-edge-driver\3.141.59\selenium-edge-driver-3.141.59.jar;C:\Users\ykotla\.m2\repository\org\seleniumhq\selenium\selenium-firefox-driver\3.141.59\selenium-firefox-driver-3.141.59.jar;C:\Users\ykotla\.m2\repository\org\seleniumhq\selenium\selenium-ie-driver\3.141.59\selenium-ie-driver-3.141.59.jar;C:\Users\ykotla\.m2\repository\org\seleniumhq\selenium\selenium-opera-driver\3.141.59\selenium-opera-driver-3.141.59.jar;C:\Users\ykotla\.m2\repository\org\seleniumhq\selenium\selenium-remote-driver\3.141.59\selenium-remote-driver-3.141.59.jar;C:\Users\ykotla\.m2\repository\org\seleniumhq\selenium\selenium-safari-driver\3.141.59\selenium-safari-driver-3.141.59.jar;C:\Users\ykotla\.m2\repository\org\seleniumhq\selenium\selenium-support\3.141.59\selenium-support-3.141.59.jar;C:\Users\ykotla\.m2\repository\net\bytebuddy\byte-buddy\1.8.15\byte-buddy-1.8.15.jar;C:\Users\ykotla\.m2\repository\org\apache\commons\commons-exec\1.3\commons-exec-1.3.jar;C:\Users\ykotla\.m2\repository\com\squareup\okhttp3\okhttp\3.11.0\okhttp-3.11.0.jar;C:\Users\ykotla\.m2\repository\com\squareup\okio\okio\1.14.0\okio-1.14.0.jar;C:\Users\ykotla\.m2\repository\javax\activation\activation\1.1\activation-1.1.jar;C:\Users\ykotla\.m2\repository\org\apache\logging\log4j\log4j-api\2.11.1\log4j-api-2.11.1.jar;C:\Users\ykotla\.m2\repository\org\apache\logging\log4j\log4j-core\2.11.1\log4j-core-2.11.1.jar;C:\Users\ykotla\.m2\repository\org\apache\logging\log4j\log4j-1.2-api\2.11.1\log4j-1.2-api-2.11.1.jar;C:\Users\ykotla\.m2\repository\com\aventstack\extentreports\3.1.5\extentreports-3.1.5.jar;C:\Users\ykotla\.m2\repository\org\freemarker\freemarker\2.3.23\freemarker-2.3.23.jar;C:\Users\ykotla\.m2\repository\org\mongodb\mongodb-driver\3.3.0\mongodb-driver-3.3.0.jar;C:\Users\ykotla\.m2\repository\org\mongodb\bson\3.3.0\bson-3.3.0.jar;C:\Users\ykotla\.m2\repository\org\mongodb\mongodb-driver-core\3.3.0\mongodb-driver-core-3.3.0.jar;C:\Users\ykotla\.m2\repository\org\apache\httpcomponents\httpclient\4.5.2\httpclient-4.5.2.jar;C:\Users\ykotla\.m2\repository\org\apache\httpcomponents\httpcore\4.4.4\httpcore-4.4.4.jar;C:\Users\ykotla\.m2\repository\commons-codec\commons-codec\1.9\commons-codec-1.9.jar;C:\Users\ykotla\.m2\repository\org\apache\httpcomponents\httpmime\4.5.2\httpmime-4.5.2.jar;C:\Users\ykotla\.m2\repository\com\google\code\gson\gson\2.8.0\gson-2.8.0.jar;"/>
    <property name="sun.cpu.endian" value="little"/>
    <property name="user.home" value="C:\Users\ykotla"/>
    <property name="user.language" value="en"/>
    <property name="java.specification.vendor" value="Oracle Corporation"/>
    <property name="java.version.date" value="2021-07-20"/>
    <property name="java.home" value="C:\Program Files\Java\jdk-11.0.12"/>
    <property name="file.separator" value="\"/>
    <property name="basedir" value="C:\Users\ykotla\OneDrive - Cisco\Documents\SwiggyProject\swiggyproj"/>
    <property name="java.vm.compressedOopsMode" value="Zero based"/>
    <property name="line.separator" value="&#10;"/>
    <property name="java.specification.name" value="Java Platform API Specification"/>
    <property name="java.vm.specification.vendor" value="Oracle Corporation"/>
    <property name="java.awt.graphicsenv" value="sun.awt.Win32GraphicsEnvironment"/>
    <property name="surefire.real.class.path" value="C:\Users\ykotla\AppData\Local\Temp\surefire7283702348182490932\surefirebooter163975743484775891.jar"/>
    <property name="user.script" value=""/>
    <property name="sun.management.compiler" value="HotSpot 64-Bit Tiered Compilers"/>
    <property name="java.runtime.version" value="11.0.12+8-LTS-237"/>
    <property name="user.name" value="ykotla"/>
    <property name="path.separator" value=";"/>
    <property name="os.version" value="10.0"/>
    <property name="java.runtime.name" value="Java(TM) SE Runtime Environment"/>
    <property name="file.encoding" value="Cp1252"/>
    <property name="java.vm.name" value="Java HotSpot(TM) 64-Bit Server VM"/>
    <property name="java.vendor.version" value="18.9"/>
    <property name="localRepository" value="C:\Users\ykotla\.m2\repository"/>
    <property name="java.vendor.url.bug" value="https://bugreport.java.com/bugreport/"/>
    <property name="java.io.tmpdir" value="C:\Users\ykotla\AppData\Local\Temp\"/>
    <property name="java.version" value="11.0.12"/>
    <property name="user.dir" value="C:\Users\ykotla\OneDrive - Cisco\Documents\SwiggyProject\swiggyproj"/>
    <property name="os.arch" value="amd64"/>
    <property name="java.vm.specification.name" value="Java Virtual Machine Specification"/>
    <property name="java.awt.printerjob" value="sun.awt.windows.WPrinterJob"/>
    <property name="sun.os.patch.level" value=""/>
    <property name="java.library.path" value="C:\Program Files\Java\jdk-11.0.12\bin;C:\Windows\Sun\Java\bin;C:\Windows\system32;C:\Windows;C:/Program Files/Java/jdk-11.0.12/bin/server;C:/Program Files/Java/jdk-11.0.12/bin;C:/Users/ykotla/AppData/Local/Temp/eoi7F6A.tmp//plugins/org.eclipse.justj.openjdk.hotspot.jre.minimal.stripped.win32.x86_64_16.0.2.v20210721-1149/jre/bin/server;C:/Users/ykotla/AppData/Local/Temp/eoi7F6A.tmp//plugins/org.eclipse.justj.openjdk.hotspot.jre.minimal.stripped.win32.x86_64_16.0.2.v20210721-1149/jre/bin;C:\Program Files\Common Files\Oracle\Java\javapath;C:\Windows\system32;C:\Windows;C:\Windows\System32\Wbem;C:\Windows\System32\WindowsPowerShell\v1.0\;C:\Windows\System32\OpenSSH\;C:\Program Files\PuTTY\;C:\Users\ykotla\AppData\Local\Programs\Python\Python39\Scripts\;C:\Users\ykotla\AppData\Local\Programs\Python\Python39\;C:\Users\ykotla\AppData\Local\Microsoft\WindowsApps;C:\Users\ykotla\AppData\Local\Programs\Microsoft VS Code\bin;C:\Users\ykotla\Downloads;;C:\Users\ykotla\Downloads;;."/>
    <property name="java.vendor" value="Oracle Corporation"/>
    <property name="java.vm.info" value="mixed mode"/>
    <property name="java.vm.version" value="11.0.12+8-LTS-237"/>
    <property name="sun.io.unicode.encoding" value="UnicodeLittle"/>
    <property name="java.class.version" value="55.0"/>
  </properties>
  <testcase name="runScenario" classname="in.swiggy.tests.TestRunner" time="26.357"/>
</testsuite>