<?xml version="1.0" encoding="UTF-8"?>
<!-- Generated by org.testng.reporters.JUnitReportReporter -->
<testsuite hostname="DESKTOP-BPNQMHV" failures="0" tests="1" name="in.swiggy.tests.TestRunner" time="26.355" errors="0" timestamp="2021-11-26T13:10:58 IST" skipped="0">
  <testcase classname="in.swiggy.tests.TestRunner" name="runScenario" time="26.355"/>
  <system-out/>
</testsuite> <!-- in.swiggy.tests.TestRunner -->
